#
# There is insufficient memory for the Java Runtime Environment to continue.
# Native memory allocation (malloc) failed to allocate 131072 bytes for AllocateHeap
# Possible reasons:
#   The system is out of physical RAM or swap space
#   In 32 bit mode, the process size limit was hit
# Possible solutions:
#   Reduce memory load on the system
#   Increase physical memory or swap space
#   Check if swap backing store is full
#   Use 64 bit Java on a 64 bit OS
#   Decrease Java heap size (-Xmx/-Xms)
#   Decrease number of Java threads
#   Decrease Java thread stack sizes (-Xss)
#   Set larger code cache with -XX:ReservedCodeCacheSize=
# This output file may be truncated or incomplete.
#
#  Out of Memory Error (memory/allocation.inline.hpp:61), pid=5192, tid=4324
#
# JRE version:  (7.0_79-b15) (build )
# Java VM: Java HotSpot(TM) 64-Bit Server VM (24.79-b02 mixed mode windows-amd64 compressed oops)
# Failed to write core dump. Minidumps are not enabled by default on client versions of Windows
#

---------------  T H R E A D  ---------------

Current thread (0x000000000213e800):  JavaThread "Unknown thread" [_thread_in_vm, id=4324, stack(0x0000000002580000,0x0000000002680000)]

Stack: [0x0000000002580000,0x0000000002680000]
[error occurred during error reporting (printing stack bounds), id 0xc0000005]


---------------  P R O C E S S  ---------------

Java Threads: ( => current thread )

Other Threads:

=>0x000000000213e800 (exited) JavaThread "Unknown thread" [_thread_in_vm, id=4324, stack(0x0000000002580000,0x0000000002680000)]

VM state:not at safepoint (normal execution)

VM Mutex/Monitor currently owned by a thread: None

Heap
 PSYoungGen      total 18944K, used 327K [0x00000000eaa80000, 0x00000000ebf80000, 0x0000000100000000)
  eden space 16384K, 2% used [0x00000000eaa80000,0x00000000eaad1f10,0x00000000eba80000)
  from space 2560K, 0% used [0x00000000ebd00000,0x00000000ebd00000,0x00000000ebf80000)
  to   space 2560K, 0% used [0x00000000eba80000,0x00000000eba80000,0x00000000ebd00000)
 ParOldGen       total 42496K, used 0K [0x00000000c0000000, 0x00000000c2980000, 0x00000000eaa80000)
  object space 42496K, 0% used [0x00000000c0000000,0x00000000c0000000,0x00000000c2980000)
 PSPermGen       total 21504K, used 697K [0x00000000bae00000, 0x00000000bc300000, 0x00000000c0000000)
  object space 21504K, 3% used [0x00000000bae00000,0x00000000baeae588,0x00000000bc300000)

Card table byte_map: [0x0000000005680000,0x00000000058b0000] byte_map_base: 0x00000000050a9000

Polling page: 0x0000000000430000

Code Cache  [0x0000000002680000, 0x00000000028f0000, 0x0000000005680000)
 total_blobs=38 nmethods=0 adapters=20 free_code_cache=48889Kb largest_free_block=50062528

Compilation events (0 events):
No events

GC Heap History (0 events):
No events

Deoptimization events (0 events):
No events

Internal exceptions (0 events):
No events

Events (10 events):
Event: 0.020 loading class 0x00000000021bf140
Event: 0.020 loading class 0x00000000021bf140 done
Event: 0.020 loading class 0x00000000021bf190
Event: 0.020 loading class 0x00000000021bf190 done
Event: 0.020 loading class 0x00000000021bf1e0
Event: 0.020 loading class 0x00000000021bf1e0 done
Event: 0.021 loading class 0x00000000021bff60
Event: 0.021 loading class 0x00000000021bff60 done
Event: 0.021 loading class 0x00000000021bfb80
Event: 0.021 loading class 0x00000000021bfb80 done


Dynamic libraries:
0x000000013f950000 - 0x000000013f983000 	C:\Program Files\Java\jdk1.7.0_79\bin\java.exe
0x0000000077670000 - 0x0000000077819000 	C:\windows\SYSTEM32\ntdll.dll
0x0000000077450000 - 0x0000000077570000 	C:\windows\system32\kernel32.dll
0x000007fefd4e0000 - 0x000007fefd54c000 	C:\windows\system32\KERNELBASE.dll
0x000007fefd910000 - 0x000007fefd9eb000 	C:\windows\system32\ADVAPI32.dll
0x000007feff520000 - 0x000007feff5bf000 	C:\windows\system32\msvcrt.dll
0x000007fefd9f0000 - 0x000007fefda0f000 	C:\windows\SYSTEM32\sechost.dll
0x000007fefd7e0000 - 0x000007fefd90d000 	C:\windows\system32\RPCRT4.dll
0x0000000077570000 - 0x000000007766a000 	C:\windows\system32\USER32.dll
0x000007feff840000 - 0x000007feff8a7000 	C:\windows\system32\GDI32.dll
0x000007fefd7d0000 - 0x000007fefd7de000 	C:\windows\system32\LPK.dll
0x000007feff8b0000 - 0x000007feff97a000 	C:\windows\system32\USP10.dll
0x000007fefbe00000 - 0x000007fefbff4000 	C:\windows\WinSxS\amd64_microsoft.windows.common-controls_6595b64144ccf1df_6.0.7601.18837_none_fa3b1e3d17594757\COMCTL32.dll
0x000007fefe440000 - 0x000007fefe4b1000 	C:\windows\system32\SHLWAPI.dll
0x000007feff4f0000 - 0x000007feff51e000 	C:\windows\system32\IMM32.DLL
0x000007feff260000 - 0x000007feff369000 	C:\windows\system32\MSCTF.dll
0x0000000060a00000 - 0x0000000060ad2000 	C:\Program Files\Java\jdk1.7.0_79\jre\bin\msvcr100.dll
0x0000000064fe0000 - 0x00000000657b5000 	C:\Program Files\Java\jdk1.7.0_79\jre\bin\server\jvm.dll
0x000007fef9c70000 - 0x000007fef9c79000 	C:\windows\system32\WSOCK32.dll
0x000007feff7f0000 - 0x000007feff83d000 	C:\windows\system32\WS2_32.dll
0x000007fefe4c0000 - 0x000007fefe4c8000 	C:\windows\system32\NSI.dll
0x000007fefa730000 - 0x000007fefa76b000 	C:\windows\system32\WINMM.dll
0x0000000077840000 - 0x0000000077847000 	C:\windows\system32\PSAPI.DLL
0x0000000068b80000 - 0x0000000068b8f000 	C:\Program Files\Java\jdk1.7.0_79\jre\bin\verify.dll
0x0000000064fb0000 - 0x0000000064fd8000 	C:\Program Files\Java\jdk1.7.0_79\jre\bin\java.dll
0x0000000064f90000 - 0x0000000064fa5000 	C:\Program Files\Java\jdk1.7.0_79\jre\bin\zip.dll

VM Arguments:
jvm_args: -Xmx1024M -Dfile.encoding=windows-1252 -Duser.country=DE -Duser.language=de -Duser.variant 
java_command: com.android.dx.command.Main --dex --num-threads=4 --output D:\doc\Uni\Phantasmophobia\app\build\intermediates\dex\debug D:\doc\Uni\Phantasmophobia\app\build\intermediates\classes\debug D:\doc\Uni\Phantasmophobia\app\build\intermediates\pre-dexed\debug\support-annotations-23.1.0-01374b0b93ae9f493d89216b246e5f28115f7069.jar D:\doc\Uni\Phantasmophobia\app\build\intermediates\pre-dexed\debug\classes-669c9696291dca808c3f56322543b74a1086b718.jar D:\doc\Uni\Phantasmophobia\app\build\intermediates\pre-dexed\debug\internal_impl-23.1.0-c5412e3ce3fef63dca2e367832c82338dc94306a.jar D:\doc\Uni\Phantasmophobia\app\build\intermediates\pre-dexed\debug\classes-87cdbb8af529b607886b11a9a5f249dd1e5a2655.jar D:\doc\Uni\Phantasmophobia\app\build\intermediates\pre-dexed\debug\classes-a273aeff8d9961f0d09800a5963cc11dbae6c02b.jar D:\doc\Uni\Phantasmophobia\app\build\intermediates\pre-dexed\debug\classes-cf49a9cbe6d10509199ab12ebee8672ac3cadcb5.jar
Launcher Type: SUN_STANDARD

Environment Variables:
JAVA_HOME=C:\Program Files\Java\jdk1.7.0_79
PATH=C:\Program Files\Common Files\Microsoft Shared\Windows Live;C:\Program Files (x86)\Common Files\Microsoft Shared\Windows Live;C:\windows\system32;C:\windows;C:\windows\System32\Wbem;C:\windows\System32\WindowsPowerShell\v1.0\;C:\Program Files\Intel\WiFi\bin\;C:\Program Files\Common Files\Intel\WirelessCommon\;C:\Program Files (x86)\Intel\Services\IPT\;C:\Program Files (x86)\Windows Live\Shared\;C:\Program Files\Java\jdk1.7.0_71\bin;C:\Program Files (x86)\Skype\Phone\;C:\Program Files\Microsoft SQL Server\110\Tools\Binn\;D:\Bitvise SSH Client;C:\Program Files\Perforce;C:\Program Files\Calibre2\;D:\doc\Matlab2\runtime\win64;D:\doc\Matlab2\bin;C:\Program Files\Microsoft SQL Server\120\Tools\Binn\;C:\Program Files\TortoiseSVN\bin;C:\Program Files (x86)\Windows Kits\8.1\Windows Performance Toolkit\;C:\Program Files (x86)\Microsoft SDKs\TypeScript\1.0\;C:\Strawberry\c\bin;C:\Strawberry\perl\site\bin;C:\Strawberry\perl\bin;C:\Program Files\Perforce\Server;C:\Users\User\AppData\Local\Android\sdk\tools;C:\Python27;C:\Python27\Scripts;C:\Users\User\AppData\Local\Android\sdk\tools;C:\Users\User\AppData\Local\Android\sdk\platform-tools;C:\Program Files\Java\jdk1.7.0_79;C:\Qt\Qt5.5.1\5.5\msvc2013_64\bin
USERNAME=User
OS=Windows_NT
PROCESSOR_IDENTIFIER=Intel64 Family 6 Model 42 Stepping 7, GenuineIntel



---------------  S Y S T E M  ---------------

OS: Windows 7 , 64 bit Build 7601 Service Pack 1

CPU:total 4 (2 cores per cpu, 2 threads per core) family 6 model 42 stepping 7, cmov, cx8, fxsr, mmx, sse, sse2, sse3, ssse3, sse4.1, sse4.2, popcnt, avx, aes, ht, tsc, tscinvbit

Memory: 4k page, physical 4098536k(556856k free), swap 4899304k(5092k free)

vm_info: Java HotSpot(TM) 64-Bit Server VM (24.79-b02) for windows-amd64 JRE (1.7.0_79-b15), built on Apr 10 2015 12:36:16 by "java_re" with unknown MS VC++:1600

time: Mon Dec 21 14:52:04 2015
elapsed time: 0 seconds

