#
# There is insufficient memory for the Java Runtime Environment to continue.
# Native memory allocation (malloc) failed to allocate 383296 bytes for Chunk::new
# Possible reasons:
#   The system is out of physical RAM or swap space
#   In 32 bit mode, the process size limit was hit
# Possible solutions:
#   Reduce memory load on the system
#   Increase physical memory or swap space
#   Check if swap backing store is full
#   Use 64 bit Java on a 64 bit OS
#   Decrease Java heap size (-Xmx/-Xms)
#   Decrease number of Java threads
#   Decrease Java thread stack sizes (-Xss)
#   Set larger code cache with -XX:ReservedCodeCacheSize=
# This output file may be truncated or incomplete.
#
#  Out of Memory Error (allocation.cpp:323), pid=4564, tid=10312
#
# JRE version: Java(TM) SE Runtime Environment (7.0_79-b15) (build 1.7.0_79-b15)
# Java VM: Java HotSpot(TM) 64-Bit Server VM (24.79-b02 mixed mode windows-amd64 compressed oops)
# Failed to write core dump. Minidumps are not enabled by default on client versions of Windows
#

---------------  T H R E A D  ---------------

Current thread (0x0000000008858800):  JavaThread "C2 CompilerThread0" daemon [_thread_in_native, id=10312, stack(0x0000000009b90000,0x0000000009c90000)]

Stack: [0x0000000009b90000,0x0000000009c90000]
[error occurred during error reporting (printing stack bounds), id 0xc0000005]


[error occurred during error reporting (printing native stack), id 0xc0000005]


Current CompileTask:
C2:   2027  445             com.android.dex.Dex::readCode (28 bytes)


---------------  P R O C E S S  ---------------

Java Threads: ( => current thread )
  0x0000000009da5000 JavaThread "Service Thread" daemon [_thread_blocked, id=9644, stack(0x000000000a470000,0x000000000a570000)]
  0x0000000009da4800 JavaThread "C2 CompilerThread1" daemon [_thread_in_native, id=5200, stack(0x000000000a2b0000,0x000000000a3b0000)]
=>0x0000000008858800 JavaThread "C2 CompilerThread0" daemon [_thread_in_native, id=10312, stack(0x0000000009b90000,0x0000000009c90000)]
  0x0000000008857000 JavaThread "Attach Listener" daemon [_thread_blocked, id=8068, stack(0x0000000009ca0000,0x0000000009da0000)]
  0x0000000008850000 JavaThread "Signal Dispatcher" daemon [_thread_blocked, id=8724, stack(0x00000000099e0000,0x0000000009ae0000)]
  0x00000000087f8000 JavaThread "Finalizer" daemon [_thread_blocked, id=9464, stack(0x0000000009880000,0x0000000009980000)]
  0x00000000087f1000 JavaThread "Reference Handler" daemon [_thread_blocked, id=7872, stack(0x0000000009780000,0x0000000009880000)]
  0x00000000022ee800 JavaThread "main" [_thread_in_Java, id=8588, stack(0x0000000002450000,0x0000000002550000)]

Other Threads:
  0x00000000087eb800 VMThread [stack: 0x0000000009630000,0x0000000009730000] [id=5356]
  0x0000000009dae800 WatcherThread [stack: 0x000000000a6d0000,0x000000000a7d0000] [id=10580]

VM state:not at safepoint (normal execution)

VM Mutex/Monitor currently owned by a thread: None

Heap
 PSYoungGen      total 18944K, used 14908K [0x00000000eaa80000, 0x00000000ebf80000, 0x0000000100000000)
  eden space 16384K, 75% used [0x00000000eaa80000,0x00000000eb6949b8,0x00000000eba80000)
  from space 2560K, 99% used [0x00000000ebd00000,0x00000000ebf7a848,0x00000000ebf80000)
  to   space 2560K, 0% used [0x00000000eba80000,0x00000000eba80000,0x00000000ebd00000)
 ParOldGen       total 42496K, used 12387K [0x00000000c0000000, 0x00000000c2980000, 0x00000000eaa80000)
  object space 42496K, 29% used [0x00000000c0000000,0x00000000c0c18cf0,0x00000000c2980000)
 PSPermGen       total 21504K, used 7175K [0x00000000bae00000, 0x00000000bc300000, 0x00000000c0000000)
  object space 21504K, 33% used [0x00000000bae00000,0x00000000bb501d80,0x00000000bc300000)

Card table byte_map: [0x0000000005610000,0x0000000005840000] byte_map_base: 0x0000000005039000

Polling page: 0x0000000000430000

Code Cache  [0x0000000002550000, 0x00000000027c0000, 0x0000000005550000)
 total_blobs=698 nmethods=437 adapters=213 free_code_cache=48078Kb largest_free_block=49196992

Compilation events (10 events):
Event: 2.009 Thread 0x0000000008858800 nmethod 440 0x0000000002660350 code [0x0000000002660480, 0x00000000026604d8]
Event: 2.009 Thread 0x0000000008858800  441             com.android.dx.merge.SortableType$1::compare (13 bytes)
Event: 2.011 Thread 0x0000000008858800 nmethod 441 0x00000000025ccc10 code [0x00000000025ccd60, 0x00000000025cce78]
Event: 2.011 Thread 0x0000000008858800  442             com.android.dx.merge.SortableType$1::compare (50 bytes)
Event: 2.013 Thread 0x0000000008858800 nmethod 442 0x000000000265d510 code [0x000000000265d640, 0x000000000265d6f8]
Event: 2.013 Thread 0x0000000008858800  443             com.android.dex.ClassData$Method::getMethodIndex (5 bytes)
Event: 2.013 Thread 0x0000000008858800 nmethod 443 0x0000000002660150 code [0x0000000002660280, 0x00000000026602d8]
Event: 2.013 Thread 0x0000000008858800  444             com.android.dex.ClassData$Method::getAccessFlags (5 bytes)
Event: 2.014 Thread 0x0000000008858800 nmethod 444 0x00000000025cc990 code [0x00000000025ccac0, 0x00000000025ccb18]
Event: 2.014 Thread 0x0000000008858800  445             com.android.dex.Dex::readCode (28 bytes)

GC Heap History (8 events):
Event: 0.699 GC heap before
{Heap before GC invocations=1 (full 0):
 PSYoungGen      total 18944K, used 16384K [0x00000000eaa80000, 0x00000000ebf80000, 0x0000000100000000)
  eden space 16384K, 100% used [0x00000000eaa80000,0x00000000eba80000,0x00000000eba80000)
  from space 2560K, 0% used [0x00000000ebd00000,0x00000000ebd00000,0x00000000ebf80000)
  to   space 2560K, 0% used [0x00000000eba80000,0x00000000eba80000,0x00000000ebd00000)
 ParOldGen       total 42496K, used 0K [0x00000000c0000000, 0x00000000c2980000, 0x00000000eaa80000)
  object space 42496K, 0% used [0x00000000c0000000,0x00000000c0000000,0x00000000c2980000)
 PSPermGen       total 21504K, used 5524K [0x00000000bae00000, 0x00000000bc300000, 0x00000000c0000000)
  object space 21504K, 25% used [0x00000000bae00000,0x00000000bb365158,0x00000000bc300000)
Event: 0.714 GC heap after
Heap after GC invocations=1 (full 0):
 PSYoungGen      total 18944K, used 2540K [0x00000000eaa80000, 0x00000000ebf80000, 0x0000000100000000)
  eden space 16384K, 0% used [0x00000000eaa80000,0x00000000eaa80000,0x00000000eba80000)
  from space 2560K, 99% used [0x00000000eba80000,0x00000000ebcfb220,0x00000000ebd00000)
  to   space 2560K, 0% used [0x00000000ebd00000,0x00000000ebd00000,0x00000000ebf80000)
 ParOldGen       total 42496K, used 2537K [0x00000000c0000000, 0x00000000c2980000, 0x00000000eaa80000)
  object space 42496K, 5% used [0x00000000c0000000,0x00000000c027a638,0x00000000c2980000)
 PSPermGen       total 21504K, used 5524K [0x00000000bae00000, 0x00000000bc300000, 0x00000000c0000000)
  object space 21504K, 25% used [0x00000000bae00000,0x00000000bb365158,0x00000000bc300000)
}
Event: 1.268 GC heap before
{Heap before GC invocations=2 (full 0):
 PSYoungGen      total 18944K, used 18895K [0x00000000eaa80000, 0x00000000ebf80000, 0x0000000100000000)
  eden space 16384K, 99% used [0x00000000eaa80000,0x00000000eba78c20,0x00000000eba80000)
  from space 2560K, 99% used [0x00000000eba80000,0x00000000ebcfb220,0x00000000ebd00000)
  to   space 2560K, 0% used [0x00000000ebd00000,0x00000000ebd00000,0x00000000ebf80000)
 ParOldGen       total 42496K, used 2537K [0x00000000c0000000, 0x00000000c2980000, 0x00000000eaa80000)
  object space 42496K, 5% used [0x00000000c0000000,0x00000000c027a638,0x00000000c2980000)
 PSPermGen       total 21504K, used 6582K [0x00000000bae00000, 0x00000000bc300000, 0x00000000c0000000)
  object space 21504K, 30% used [0x00000000bae00000,0x00000000bb46dab0,0x00000000bc300000)
Event: 1.280 GC heap after
Heap after GC invocations=2 (full 0):
 PSYoungGen      total 18944K, used 2535K [0x00000000eaa80000, 0x00000000ebf80000, 0x0000000100000000)
  eden space 16384K, 0% used [0x00000000eaa80000,0x00000000eaa80000,0x00000000eba80000)
  from space 2560K, 99% used [0x00000000ebd00000,0x00000000ebf79ef0,0x00000000ebf80000)
  to   space 2560K, 0% used [0x00000000eba80000,0x00000000eba80000,0x00000000ebd00000)
 ParOldGen       total 42496K, used 5939K [0x00000000c0000000, 0x00000000c2980000, 0x00000000eaa80000)
  object space 42496K, 13% used [0x00000000c0000000,0x00000000c05ccc90,0x00000000c2980000)
 PSPermGen       total 21504K, used 6582K [0x00000000bae00000, 0x00000000bc300000, 0x00000000c0000000)
  object space 21504K, 30% used [0x00000000bae00000,0x00000000bb46dab0,0x00000000bc300000)
}
Event: 1.739 GC heap before
{Heap before GC invocations=3 (full 0):
 PSYoungGen      total 18944K, used 17751K [0x00000000eaa80000, 0x00000000ebf80000, 0x0000000100000000)
  eden space 16384K, 92% used [0x00000000eaa80000,0x00000000eb95be00,0x00000000eba80000)
  from space 2560K, 99% used [0x00000000ebd00000,0x00000000ebf79ef0,0x00000000ebf80000)
  to   space 2560K, 0% used [0x00000000eba80000,0x00000000eba80000,0x00000000ebd00000)
 ParOldGen       total 42496K, used 5939K [0x00000000c0000000, 0x00000000c2980000, 0x00000000eaa80000)
  object space 42496K, 13% used [0x00000000c0000000,0x00000000c05ccc90,0x00000000c2980000)
 PSPermGen       total 21504K, used 7145K [0x00000000bae00000, 0x00000000bc300000, 0x00000000c0000000)
  object space 21504K, 33% used [0x00000000bae00000,0x00000000bb4fa5f0,0x00000000bc300000)
Event: 1.745 GC heap after
Heap after GC invocations=3 (full 0):
 PSYoungGen      total 18944K, used 2547K [0x00000000eaa80000, 0x00000000ebf80000, 0x0000000100000000)
  eden space 16384K, 0% used [0x00000000eaa80000,0x00000000eaa80000,0x00000000eba80000)
  from space 2560K, 99% used [0x00000000eba80000,0x00000000ebcfcef8,0x00000000ebd00000)
  to   space 2560K, 0% used [0x00000000ebd00000,0x00000000ebd00000,0x00000000ebf80000)
 ParOldGen       total 42496K, used 7162K [0x00000000c0000000, 0x00000000c2980000, 0x00000000eaa80000)
  object space 42496K, 16% used [0x00000000c0000000,0x00000000c06febd8,0x00000000c2980000)
 PSPermGen       total 21504K, used 7145K [0x00000000bae00000, 0x00000000bc300000, 0x00000000c0000000)
  object space 21504K, 33% used [0x00000000bae00000,0x00000000bb4fa5f0,0x00000000bc300000)
}
Event: 1.904 GC heap before
{Heap before GC invocations=4 (full 0):
 PSYoungGen      total 18944K, used 17199K [0x00000000eaa80000, 0x00000000ebf80000, 0x0000000100000000)
  eden space 16384K, 89% used [0x00000000eaa80000,0x00000000eb8cf0f0,0x00000000eba80000)
  from space 2560K, 99% used [0x00000000eba80000,0x00000000ebcfcef8,0x00000000ebd00000)
  to   space 2560K, 0% used [0x00000000ebd00000,0x00000000ebd00000,0x00000000ebf80000)
 ParOldGen       total 42496K, used 7162K [0x00000000c0000000, 0x00000000c2980000, 0x00000000eaa80000)
  object space 42496K, 16% used [0x00000000c0000000,0x00000000c06febd8,0x00000000c2980000)
 PSPermGen       total 21504K, used 7161K [0x00000000bae00000, 0x00000000bc300000, 0x00000000c0000000)
  object space 21504K, 33% used [0x00000000bae00000,0x00000000bb4fe4b0,0x00000000bc300000)
Event: 1.916 GC heap after
Heap after GC invocations=4 (full 0):
 PSYoungGen      total 18944K, used 2538K [0x00000000eaa80000, 0x00000000ebf80000, 0x0000000100000000)
  eden space 16384K, 0% used [0x00000000eaa80000,0x00000000eaa80000,0x00000000eba80000)
  from space 2560K, 99% used [0x00000000ebd00000,0x00000000ebf7a848,0x00000000ebf80000)
  to   space 2560K, 0% used [0x00000000eba80000,0x00000000eba80000,0x00000000ebd00000)
 ParOldGen       total 42496K, used 12387K [0x00000000c0000000, 0x00000000c2980000, 0x00000000eaa80000)
  object space 42496K, 29% used [0x00000000c0000000,0x00000000c0c18cf0,0x00000000c2980000)
 PSPermGen       total 21504K, used 7161K [0x00000000bae00000, 0x00000000bc300000, 0x00000000c0000000)
  object space 21504K, 33% used [0x00000000bae00000,0x00000000bb4fe4b0,0x00000000bc300000)
}

Deoptimization events (10 events):
Event: 0.954 Thread 0x00000000022ee800 Uncommon trap: reason=unreached action=reinterpret pc=0x00000000025fcf78 method=java.util.TreeMap.successor(Ljava/util/TreeMap$Entry;)Ljava/util/TreeMap$Entry; @ 43
Event: 1.124 Thread 0x00000000022ee800 Uncommon trap: reason=class_check action=maybe_recompile pc=0x00000000026074f8 method=com.android.dex.Leb128.writeUnsignedLeb128(Lcom/android/dex/util/ByteOutput;I)V @ 40
Event: 1.124 Thread 0x00000000022ee800 Uncommon trap: reason=class_check action=maybe_recompile pc=0x00000000026074f8 method=com.android.dex.Leb128.writeUnsignedLeb128(Lcom/android/dex/util/ByteOutput;I)V @ 40
Event: 1.125 Thread 0x00000000022ee800 Uncommon trap: reason=class_check action=maybe_recompile pc=0x00000000026074f8 method=com.android.dex.Leb128.writeUnsignedLeb128(Lcom/android/dex/util/ByteOutput;I)V @ 40
Event: 1.125 Thread 0x00000000022ee800 Uncommon trap: reason=class_check action=maybe_recompile pc=0x00000000026074f8 method=com.android.dex.Leb128.writeUnsignedLeb128(Lcom/android/dex/util/ByteOutput;I)V @ 40
Event: 1.408 Thread 0x00000000022ee800 Uncommon trap: reason=class_check action=maybe_recompile pc=0x0000000002616a60 method=com.android.dex.Leb128.readUnsignedLeb128(Lcom/android/dex/util/ByteInput;)I @ 5
Event: 1.408 Thread 0x00000000022ee800 Uncommon trap: reason=class_check action=maybe_recompile pc=0x0000000002616a60 method=com.android.dex.Leb128.readUnsignedLeb128(Lcom/android/dex/util/ByteInput;)I @ 5
Event: 1.408 Thread 0x00000000022ee800 Uncommon trap: reason=class_check action=maybe_recompile pc=0x0000000002616a60 method=com.android.dex.Leb128.readUnsignedLeb128(Lcom/android/dex/util/ByteInput;)I @ 5
Event: 1.408 Thread 0x00000000022ee800 Uncommon trap: reason=class_check action=maybe_recompile pc=0x0000000002616a60 method=com.android.dex.Leb128.readUnsignedLeb128(Lcom/android/dex/util/ByteInput;)I @ 5
Event: 1.604 Thread 0x00000000022ee800 Uncommon trap: reason=predicate action=maybe_recompile pc=0x000000000261f568 method=com.android.dex.Leb128.readUnsignedLeb128(Lcom/android/dex/util/ByteInput;)I @ 41

Internal exceptions (10 events):
Event: 1.263 Thread 0x00000000022ee800 Threw 0x00000000eba4c740 at C:\re\jdk7u79\2331\hotspot\src\share\vm\prims\jvm.cpp:1304
Event: 1.264 Thread 0x00000000022ee800 Threw 0x00000000eba4f770 at C:\re\jdk7u79\2331\hotspot\src\share\vm\prims\jvm.cpp:1304
Event: 1.265 Thread 0x00000000022ee800 Threw 0x00000000eba52bb8 at C:\re\jdk7u79\2331\hotspot\src\share\vm\prims\jvm.cpp:1304
Event: 1.283 Thread 0x00000000022ee800 Threw 0x00000000eaac0808 at C:\re\jdk7u79\2331\hotspot\src\share\vm\prims\jvm.cpp:1304
Event: 1.284 Thread 0x00000000022ee800 Threw 0x00000000eaac29e8 at C:\re\jdk7u79\2331\hotspot\src\share\vm\prims\jvm.cpp:1304
Event: 1.338 Thread 0x00000000022ee800 Threw 0x00000000eab30028 at C:\re\jdk7u79\2331\hotspot\src\share\vm\prims\jvm.cpp:1304
Event: 1.338 Thread 0x00000000022ee800 Threw 0x00000000eab30150 at C:\re\jdk7u79\2331\hotspot\src\share\vm\prims\jvm.cpp:1304
Event: 1.339 Thread 0x00000000022ee800 Threw 0x00000000eab33ec8 at C:\re\jdk7u79\2331\hotspot\src\share\vm\prims\jvm.cpp:1304
Event: 1.339 Thread 0x00000000022ee800 Threw 0x00000000eab33ff0 at C:\re\jdk7u79\2331\hotspot\src\share\vm\prims\jvm.cpp:1304
Event: 1.800 Thread 0x00000000022ee800 Threw 0x00000000eafcd488 at C:\re\jdk7u79\2331\hotspot\src\share\vm\prims\jvm.cpp:1304

Events (10 events):
Event: 1.739 Executing VM operation: ParallelGCFailedAllocation
Event: 1.745 Executing VM operation: ParallelGCFailedAllocation done
Event: 1.800 loading class 0x000000000b054770
Event: 1.800 loading class 0x000000000b054770 done
Event: 1.904 Executing VM operation: ParallelGCFailedAllocation
Event: 1.916 Executing VM operation: ParallelGCFailedAllocation done
Event: 1.938 Thread 0x0000000008858800 flushing nmethod 0x00000000025b48d0
Event: 1.971 Thread 0x0000000008858800 flushing nmethod 0x00000000025c9050
Event: 1.971 Thread 0x0000000008858800 flushing nmethod 0x00000000025cc990
Event: 1.971 Thread 0x0000000008858800 flushing nmethod 0x00000000025d47d0


Dynamic libraries:
0x000000013f950000 - 0x000000013f983000 	C:\Program Files\Java\jdk1.7.0_79\bin\java.exe
0x0000000077670000 - 0x0000000077819000 	C:\windows\SYSTEM32\ntdll.dll
0x0000000077450000 - 0x0000000077570000 	C:\windows\system32\kernel32.dll
0x000007fefd4e0000 - 0x000007fefd54c000 	C:\windows\system32\KERNELBASE.dll
0x000007fefd910000 - 0x000007fefd9eb000 	C:\windows\system32\ADVAPI32.dll
0x000007feff520000 - 0x000007feff5bf000 	C:\windows\system32\msvcrt.dll
0x000007fefd9f0000 - 0x000007fefda0f000 	C:\windows\SYSTEM32\sechost.dll
0x000007fefd7e0000 - 0x000007fefd90d000 	C:\windows\system32\RPCRT4.dll
0x0000000077570000 - 0x000000007766a000 	C:\windows\system32\USER32.dll
0x000007feff840000 - 0x000007feff8a7000 	C:\windows\system32\GDI32.dll
0x000007fefd7d0000 - 0x000007fefd7de000 	C:\windows\system32\LPK.dll
0x000007feff8b0000 - 0x000007feff97a000 	C:\windows\system32\USP10.dll
0x000007fefbe00000 - 0x000007fefbff4000 	C:\windows\WinSxS\amd64_microsoft.windows.common-controls_6595b64144ccf1df_6.0.7601.18837_none_fa3b1e3d17594757\COMCTL32.dll
0x000007fefe440000 - 0x000007fefe4b1000 	C:\windows\system32\SHLWAPI.dll
0x000007feff4f0000 - 0x000007feff51e000 	C:\windows\system32\IMM32.DLL
0x000007feff260000 - 0x000007feff369000 	C:\windows\system32\MSCTF.dll
0x0000000060a00000 - 0x0000000060ad2000 	C:\Program Files\Java\jdk1.7.0_79\jre\bin\msvcr100.dll
0x0000000064fe0000 - 0x00000000657b5000 	C:\Program Files\Java\jdk1.7.0_79\jre\bin\server\jvm.dll
0x000007fef9c70000 - 0x000007fef9c79000 	C:\windows\system32\WSOCK32.dll
0x000007feff7f0000 - 0x000007feff83d000 	C:\windows\system32\WS2_32.dll
0x000007fefe4c0000 - 0x000007fefe4c8000 	C:\windows\system32\NSI.dll
0x000007fefa730000 - 0x000007fefa76b000 	C:\windows\system32\WINMM.dll
0x0000000077840000 - 0x0000000077847000 	C:\windows\system32\PSAPI.DLL
0x0000000068b80000 - 0x0000000068b8f000 	C:\Program Files\Java\jdk1.7.0_79\jre\bin\verify.dll
0x0000000064fb0000 - 0x0000000064fd8000 	C:\Program Files\Java\jdk1.7.0_79\jre\bin\java.dll
0x0000000064f90000 - 0x0000000064fa5000 	C:\Program Files\Java\jdk1.7.0_79\jre\bin\zip.dll
0x0000000064f70000 - 0x0000000064f8a000 	C:\Program Files\Java\jdk1.7.0_79\jre\bin\net.dll
0x000007fefcbf0000 - 0x000007fefcc45000 	C:\windows\system32\mswsock.dll
0x000007fefcbe0000 - 0x000007fefcbe7000 	C:\windows\System32\wship6.dll
0x0000000064f50000 - 0x0000000064f61000 	C:\Program Files\Java\jdk1.7.0_79\jre\bin\nio.dll

VM Arguments:
jvm_args: -Xmx1024M -Dfile.encoding=windows-1252 -Duser.country=DE -Duser.language=de -Duser.variant 
java_command: com.android.dx.command.Main --dex --num-threads=4 --output D:\doc\Uni\Phantasmophobia\app\build\intermediates\dex\debug D:\doc\Uni\Phantasmophobia\app\build\intermediates\classes\debug D:\doc\Uni\Phantasmophobia\app\build\intermediates\pre-dexed\debug\support-annotations-23.1.0-01374b0b93ae9f493d89216b246e5f28115f7069.jar D:\doc\Uni\Phantasmophobia\app\build\intermediates\pre-dexed\debug\classes-669c9696291dca808c3f56322543b74a1086b718.jar D:\doc\Uni\Phantasmophobia\app\build\intermediates\pre-dexed\debug\internal_impl-23.1.0-c5412e3ce3fef63dca2e367832c82338dc94306a.jar D:\doc\Uni\Phantasmophobia\app\build\intermediates\pre-dexed\debug\classes-87cdbb8af529b607886b11a9a5f249dd1e5a2655.jar D:\doc\Uni\Phantasmophobia\app\build\intermediates\pre-dexed\debug\classes-a273aeff8d9961f0d09800a5963cc11dbae6c02b.jar D:\doc\Uni\Phantasmophobia\app\build\intermediates\pre-dexed\debug\classes-cf49a9cbe6d10509199ab12ebee8672ac3cadcb5.jar
Launcher Type: SUN_STANDARD

Environment Variables:
JAVA_HOME=C:\Program Files\Java\jdk1.7.0_79
PATH=C:\Program Files\Common Files\Microsoft Shared\Windows Live;C:\Program Files (x86)\Common Files\Microsoft Shared\Windows Live;C:\windows\system32;C:\windows;C:\windows\System32\Wbem;C:\windows\System32\WindowsPowerShell\v1.0\;C:\Program Files\Intel\WiFi\bin\;C:\Program Files\Common Files\Intel\WirelessCommon\;C:\Program Files (x86)\Intel\Services\IPT\;C:\Program Files (x86)\Windows Live\Shared\;C:\Program Files\Java\jdk1.7.0_71\bin;C:\Program Files (x86)\Skype\Phone\;C:\Program Files\Microsoft SQL Server\110\Tools\Binn\;D:\Bitvise SSH Client;C:\Program Files\Perforce;C:\Program Files\Calibre2\;D:\doc\Matlab2\runtime\win64;D:\doc\Matlab2\bin;C:\Program Files\Microsoft SQL Server\120\Tools\Binn\;C:\Program Files\TortoiseSVN\bin;C:\Program Files (x86)\Windows Kits\8.1\Windows Performance Toolkit\;C:\Program Files (x86)\Microsoft SDKs\TypeScript\1.0\;C:\Strawberry\c\bin;C:\Strawberry\perl\site\bin;C:\Strawberry\perl\bin;C:\Program Files\Perforce\Server;C:\Users\User\AppData\Local\Android\sdk\tools;C:\Python27;C:\Python27\Scripts;C:\Users\User\AppData\Local\Android\sdk\tools;C:\Users\User\AppData\Local\Android\sdk\platform-tools;C:\Program Files\Java\jdk1.7.0_79;C:\Qt\Qt5.5.1\5.5\msvc2013_64\bin
USERNAME=User
OS=Windows_NT
PROCESSOR_IDENTIFIER=Intel64 Family 6 Model 42 Stepping 7, GenuineIntel



---------------  S Y S T E M  ---------------

OS: Windows 7 , 64 bit Build 7601 Service Pack 1

CPU:total 4 (2 cores per cpu, 2 threads per core) family 6 model 42 stepping 7, cmov, cx8, fxsr, mmx, sse, sse2, sse3, ssse3, sse4.1, sse4.2, popcnt, avx, aes, ht, tsc, tscinvbit

Memory: 4k page, physical 4098536k(539032k free), swap 4899304k(5384k free)

vm_info: Java HotSpot(TM) 64-Bit Server VM (24.79-b02) for windows-amd64 JRE (1.7.0_79-b15), built on Apr 10 2015 12:36:16 by "java_re" with unknown MS VC++:1600

time: Mon Dec 21 14:54:44 2015
elapsed time: 2 seconds

