#
# There is insufficient memory for the Java Runtime Environment to continue.
# Native memory allocation (malloc) failed to allocate 170416 bytes for Chunk::new
# Possible reasons:
#   The system is out of physical RAM or swap space
#   In 32 bit mode, the process size limit was hit
# Possible solutions:
#   Reduce memory load on the system
#   Increase physical memory or swap space
#   Check if swap backing store is full
#   Use 64 bit Java on a 64 bit OS
#   Decrease Java heap size (-Xmx/-Xms)
#   Decrease number of Java threads
#   Decrease Java thread stack sizes (-Xss)
#   Set larger code cache with -XX:ReservedCodeCacheSize=
# This output file may be truncated or incomplete.
#
#  Out of Memory Error (allocation.cpp:323), pid=6512, tid=5232
#
# JRE version: Java(TM) SE Runtime Environment (7.0_79-b15) (build 1.7.0_79-b15)
# Java VM: Java HotSpot(TM) 64-Bit Server VM (24.79-b02 mixed mode windows-amd64 compressed oops)
# Failed to write core dump. Minidumps are not enabled by default on client versions of Windows
#

---------------  T H R E A D  ---------------

Current thread (0x0000000008664800):  JavaThread "C2 CompilerThread0" daemon [_thread_in_native, id=5232, stack(0x0000000009ec0000,0x0000000009fc0000)]

Stack: [0x0000000009ec0000,0x0000000009fc0000]
[error occurred during error reporting (printing stack bounds), id 0xc0000005]


[error occurred during error reporting (printing native stack), id 0xc0000005]


Current CompileTask:
C2:    989   55             com.android.dx.ssa.SsaMethod::deleteInsns (239 bytes)


---------------  P R O C E S S  ---------------

Java Threads: ( => current thread )
  0x000000000a5dd000 JavaThread "pool-1-thread-4" [_thread_in_Java, id=7020, stack(0x000000000afe0000,0x000000000b0e0000)]
  0x000000000a64f800 JavaThread "pool-1-thread-3" [_thread_in_Java, id=3032, stack(0x000000000b100000,0x000000000b200000)]
  0x000000000a64f000 JavaThread "pool-1-thread-2" [_thread_in_Java, id=5496, stack(0x000000000aee0000,0x000000000afe0000)]
  0x000000000a65e800 JavaThread "pool-2-thread-1" [_thread_blocked, id=5912, stack(0x0000000009fe0000,0x000000000a0e0000)]
  0x000000000a65e000 JavaThread "pool-1-thread-1" [_thread_in_Java, id=3168, stack(0x000000000abe0000,0x000000000ace0000)]
  0x0000000008673000 JavaThread "Service Thread" daemon [_thread_blocked, id=5988, stack(0x000000000a160000,0x000000000a260000)]
  0x000000000866a800 JavaThread "C2 CompilerThread1" daemon [_thread_in_native, id=3512, stack(0x0000000009d90000,0x0000000009e90000)]
=>0x0000000008664800 JavaThread "C2 CompilerThread0" daemon [_thread_in_native, id=5232, stack(0x0000000009ec0000,0x0000000009fc0000)]
  0x000000000865f000 JavaThread "Attach Listener" daemon [_thread_blocked, id=7036, stack(0x0000000009c50000,0x0000000009d50000)]
  0x0000000008657800 JavaThread "Signal Dispatcher" daemon [_thread_blocked, id=6940, stack(0x0000000009a10000,0x0000000009b10000)]
  0x0000000008608000 JavaThread "Finalizer" daemon [_thread_blocked, id=2740, stack(0x0000000009b40000,0x0000000009c40000)]
  0x0000000008600800 JavaThread "Reference Handler" daemon [_thread_blocked, id=3712, stack(0x0000000009870000,0x0000000009970000)]
  0x000000000036e800 JavaThread "main" [_thread_in_Java, id=5868, stack(0x0000000002330000,0x0000000002430000)]

Other Threads:
  0x00000000085fb000 VMThread [stack: 0x0000000009710000,0x0000000009810000] [id=3616]
  0x000000000867c000 WatcherThread [stack: 0x000000000a370000,0x000000000a470000] [id=6576]

VM state:not at safepoint (normal execution)

VM Mutex/Monitor currently owned by a thread: None

Heap
 PSYoungGen      total 18944K, used 12496K [0x00000000eaa80000, 0x00000000ebf80000, 0x0000000100000000)
  eden space 16384K, 76% used [0x00000000eaa80000,0x00000000eb6b4318,0x00000000eba80000)
  from space 2560K, 0% used [0x00000000ebd00000,0x00000000ebd00000,0x00000000ebf80000)
  to   space 2560K, 0% used [0x00000000eba80000,0x00000000eba80000,0x00000000ebd00000)
 ParOldGen       total 42496K, used 0K [0x00000000c0000000, 0x00000000c2980000, 0x00000000eaa80000)
  object space 42496K, 0% used [0x00000000c0000000,0x00000000c0000000,0x00000000c2980000)
 PSPermGen       total 21504K, used 5459K [0x00000000bae00000, 0x00000000bc300000, 0x00000000c0000000)
  object space 21504K, 25% used [0x00000000bae00000,0x00000000bb354f30,0x00000000bc300000)

Card table byte_map: [0x0000000005540000,0x0000000005770000] byte_map_base: 0x0000000004f69000

Polling page: 0x0000000000330000

Code Cache  [0x0000000002540000, 0x00000000027b0000, 0x0000000005540000)
 total_blobs=293 nmethods=56 adapters=189 free_code_cache=48677Kb largest_free_block=49825216

Compilation events (10 events):
Event: 0.962 Thread 0x000000000866a800   52             com.android.dx.ssa.NormalSsaInsn::getOriginalRopInsn (5 bytes)
Event: 0.962 Thread 0x000000000866a800 nmethod 52 0x00000000025b94d0 code [0x00000000025b9600, 0x00000000025b9658]
Event: 0.963 Thread 0x0000000008664800   53             com.android.dx.ssa.SsaBasicBlock::getInsns (5 bytes)
Event: 0.964 Thread 0x0000000008664800 nmethod 53 0x00000000025b92d0 code [0x00000000025b9400, 0x00000000025b9458]
Event: 0.966 Thread 0x000000000866a800   54             com.android.dx.rop.code.BasicBlock::getLabel (5 bytes)
Event: 0.967 Thread 0x000000000866a800 nmethod 54 0x00000000025b90d0 code [0x00000000025b9200, 0x00000000025b9258]
Event: 0.976 Thread 0x0000000008664800   55             com.android.dx.ssa.SsaMethod::deleteInsns (239 bytes)
Event: 0.982 Thread 0x000000000866a800   56             com.android.dx.util.MutabilityControl::setImmutable (6 bytes)
Event: 0.982 Thread 0x000000000866a800 nmethod 56 0x00000000025b8ed0 code [0x00000000025b9000, 0x00000000025b9058]
Event: 0.985 Thread 0x000000000866a800   57             java.util.HashMap::get (29 bytes)

GC Heap History (0 events):
No events

Deoptimization events (0 events):
No events

Internal exceptions (10 events):
Event: 0.855 Thread 0x000000000036e800 Threw 0x00000000eb2f90a0 at C:\re\jdk7u79\2331\hotspot\src\share\vm\prims\jvm.cpp:1304
Event: 0.856 Thread 0x000000000036e800 Threw 0x00000000eb2ff298 at C:\re\jdk7u79\2331\hotspot\src\share\vm\prims\jvm.cpp:1304
Event: 0.857 Thread 0x000000000036e800 Threw 0x00000000eb303920 at C:\re\jdk7u79\2331\hotspot\src\share\vm\prims\jvm.cpp:1304
Event: 0.858 Thread 0x000000000036e800 Threw 0x00000000eb309310 at C:\re\jdk7u79\2331\hotspot\src\share\vm\prims\jvm.cpp:1304
Event: 0.860 Thread 0x000000000036e800 Threw 0x00000000eb311f70 at C:\re\jdk7u79\2331\hotspot\src\share\vm\prims\jvm.cpp:1304
Event: 0.873 Thread 0x000000000a64f800 Threw 0x00000000eb1f4f20 at C:\re\jdk7u79\2331\hotspot\src\share\vm\prims\jvm.cpp:1304
Event: 0.881 Thread 0x000000000a64f800 Threw 0x00000000eb3db0f0 at C:\re\jdk7u79\2331\hotspot\src\share\vm\prims\jvm.cpp:1304
Event: 0.918 Thread 0x000000000a64f800 Threw 0x00000000eb423d60 at C:\re\jdk7u79\2331\hotspot\src\share\vm\prims\jvm.cpp:1304
Event: 0.929 Thread 0x000000000036e800 Threw 0x00000000eb464ad0 at C:\re\jdk7u79\2331\hotspot\src\share\vm\prims\jvm.cpp:1304
Event: 0.965 Thread 0x000000000036e800 Threw 0x00000000eb544f58 at C:\re\jdk7u79\2331\hotspot\src\share\vm\prims\jvm.cpp:1304

Events (10 events):
Event: 0.873 loading class 0x000000000a721530
Event: 0.873 loading class 0x000000000a721530 done
Event: 0.881 loading class 0x000000000a785d20
Event: 0.881 loading class 0x000000000a785d20 done
Event: 0.918 loading class 0x000000000a64db40
Event: 0.918 loading class 0x000000000a64db40 done
Event: 0.929 loading class 0x000000000a485370
Event: 0.929 loading class 0x000000000a485370 done
Event: 0.965 loading class 0x000000000a6469d0
Event: 0.965 loading class 0x000000000a6469d0 done


Dynamic libraries:
0x000000013f1b0000 - 0x000000013f1e3000 	C:\Program Files\Java\jdk1.7.0_79\bin\java.exe
0x0000000077530000 - 0x00000000776d9000 	C:\windows\SYSTEM32\ntdll.dll
0x0000000077310000 - 0x0000000077430000 	C:\windows\system32\kernel32.dll
0x000007fefd3f0000 - 0x000007fefd45c000 	C:\windows\system32\KERNELBASE.dll
0x000007fefd760000 - 0x000007fefd83b000 	C:\windows\system32\ADVAPI32.dll
0x000007fefee60000 - 0x000007fefeeff000 	C:\windows\system32\msvcrt.dll
0x000007fefdad0000 - 0x000007fefdaef000 	C:\windows\SYSTEM32\sechost.dll
0x000007fefdd30000 - 0x000007fefde5d000 	C:\windows\system32\RPCRT4.dll
0x0000000077430000 - 0x000000007752a000 	C:\windows\system32\USER32.dll
0x000007fefdc70000 - 0x000007fefdcd7000 	C:\windows\system32\GDI32.dll
0x000007fefd690000 - 0x000007fefd69e000 	C:\windows\system32\LPK.dll
0x000007fefdb90000 - 0x000007fefdc5a000 	C:\windows\system32\USP10.dll
0x000007fefbe60000 - 0x000007fefc054000 	C:\windows\WinSxS\amd64_microsoft.windows.common-controls_6595b64144ccf1df_6.0.7601.18837_none_fa3b1e3d17594757\COMCTL32.dll
0x000007fefdff0000 - 0x000007fefe061000 	C:\windows\system32\SHLWAPI.dll
0x000007feff700000 - 0x000007feff72e000 	C:\windows\system32\IMM32.DLL
0x000007feff730000 - 0x000007feff839000 	C:\windows\system32\MSCTF.dll
0x00000000656a0000 - 0x0000000065772000 	C:\Program Files\Java\jdk1.7.0_79\jre\bin\msvcr100.dll
0x0000000065be0000 - 0x00000000663b5000 	C:\Program Files\Java\jdk1.7.0_79\jre\bin\server\jvm.dll
0x000007fef9120000 - 0x000007fef9129000 	C:\windows\system32\WSOCK32.dll
0x000007fefdce0000 - 0x000007fefdd2d000 	C:\windows\system32\WS2_32.dll
0x000007fefdc60000 - 0x000007fefdc68000 	C:\windows\system32\NSI.dll
0x000007fefb0e0000 - 0x000007fefb11b000 	C:\windows\system32\WINMM.dll
0x0000000077700000 - 0x0000000077707000 	C:\windows\system32\PSAPI.DLL
0x000000006fb00000 - 0x000000006fb0f000 	C:\Program Files\Java\jdk1.7.0_79\jre\bin\verify.dll
0x0000000065bb0000 - 0x0000000065bd8000 	C:\Program Files\Java\jdk1.7.0_79\jre\bin\java.dll
0x0000000065b90000 - 0x0000000065ba5000 	C:\Program Files\Java\jdk1.7.0_79\jre\bin\zip.dll
0x0000000065b70000 - 0x0000000065b8a000 	C:\Program Files\Java\jdk1.7.0_79\jre\bin\net.dll
0x000007fefcab0000 - 0x000007fefcb05000 	C:\windows\system32\mswsock.dll
0x000007fefcaa0000 - 0x000007fefcaa7000 	C:\windows\System32\wship6.dll
0x0000000065b50000 - 0x0000000065b61000 	C:\Program Files\Java\jdk1.7.0_79\jre\bin\nio.dll

VM Arguments:
jvm_args: -Xmx1024M -Dfile.encoding=windows-1252 -Duser.country=DE -Duser.language=de -Duser.variant 
java_command: com.android.dx.command.Main --dex --num-threads=4 --output D:\doc\Uni\Phantasmophobia\app\build\intermediates\pre-dexed\debug\classes-669c9696291dca808c3f56322543b74a1086b718.jar D:\doc\Uni\Phantasmophobia\app\build\intermediates\exploded-aar\com.android.support\design\23.1.0\jars\classes.jar
Launcher Type: SUN_STANDARD

Environment Variables:



---------------  S Y S T E M  ---------------

OS: Windows 7 , 64 bit Build 7601 Service Pack 1

CPU:total 4 (2 cores per cpu, 2 threads per core) family 6 model 42 stepping 7, cmov, cx8, fxsr, mmx, sse, sse2, sse3, ssse3, sse4.1, sse4.2, popcnt, avx, aes, ht, tsc, tscinvbit

Memory: 4k page, physical 4098536k(76448k free), swap 4917632k(3388k free)

vm_info: Java HotSpot(TM) 64-Bit Server VM (24.79-b02) for windows-amd64 JRE (1.7.0_79-b15), built on Apr 10 2015 12:36:16 by "java_re" with unknown MS VC++:1600

time: Fri Dec 25 20:16:12 2015
elapsed time: 0 seconds

