#
# There is insufficient memory for the Java Runtime Environment to continue.
# Native memory allocation (malloc) failed to allocate 464080 bytes for Chunk::new
# Possible reasons:
#   The system is out of physical RAM or swap space
#   In 32 bit mode, the process size limit was hit
# Possible solutions:
#   Reduce memory load on the system
#   Increase physical memory or swap space
#   Check if swap backing store is full
#   Use 64 bit Java on a 64 bit OS
#   Decrease Java heap size (-Xmx/-Xms)
#   Decrease number of Java threads
#   Decrease Java thread stack sizes (-Xss)
#   Set larger code cache with -XX:ReservedCodeCacheSize=
# This output file may be truncated or incomplete.
#
#  Out of Memory Error (allocation.cpp:323), pid=7664, tid=5984
#
# JRE version: Java(TM) SE Runtime Environment (7.0_79-b15) (build 1.7.0_79-b15)
# Java VM: Java HotSpot(TM) 64-Bit Server VM (24.79-b02 mixed mode windows-amd64 compressed oops)
# Failed to write core dump. Minidumps are not enabled by default on client versions of Windows
#

---------------  T H R E A D  ---------------

Current thread (0x00000000080a8800):  JavaThread "C2 CompilerThread0" daemon [_thread_in_native, id=5984, stack(0x0000000009a30000,0x0000000009b30000)]

Stack: [0x0000000009a30000,0x0000000009b30000]
[error occurred during error reporting (printing stack bounds), id 0xc0000005]


[error occurred during error reporting (printing native stack), id 0xc0000005]


Current CompileTask:
C2:    693  107   !         com.android.dx.cf.cst.ConstantPoolParser::parse0 (731 bytes)


---------------  P R O C E S S  ---------------

Java Threads: ( => current thread )
  0x0000000009e0a800 JavaThread "pool-1-thread-4" [_thread_in_Java, id=8020, stack(0x000000000a860000,0x000000000a960000)]
  0x0000000009ddd800 JavaThread "pool-1-thread-3" [_thread_in_Java, id=8408, stack(0x000000000a5f0000,0x000000000a6f0000)]
  0x0000000009e05800 JavaThread "pool-1-thread-2" [_thread_blocked, id=668, stack(0x00000000097b0000,0x00000000098b0000)]
  0x0000000009df0000 JavaThread "pool-2-thread-1" [_thread_blocked, id=2956, stack(0x000000000a4f0000,0x000000000a5f0000)]
  0x0000000009d7b800 JavaThread "pool-1-thread-1" [_thread_in_vm, id=7952, stack(0x000000000a2e0000,0x000000000a3e0000)]
  0x00000000080be800 JavaThread "Service Thread" daemon [_thread_blocked, id=4636, stack(0x0000000009bb0000,0x0000000009cb0000)]
  0x00000000080be000 JavaThread "C2 CompilerThread1" daemon [_thread_in_native, id=7476, stack(0x0000000009250000,0x0000000009350000)]
=>0x00000000080a8800 JavaThread "C2 CompilerThread0" daemon [_thread_in_native, id=5984, stack(0x0000000009a30000,0x0000000009b30000)]
  0x00000000080a7000 JavaThread "Attach Listener" daemon [_thread_blocked, id=2132, stack(0x0000000009910000,0x0000000009a10000)]
  0x00000000080a0000 JavaThread "Signal Dispatcher" daemon [_thread_blocked, id=8076, stack(0x0000000009680000,0x0000000009780000)]
  0x0000000008048000 JavaThread "Finalizer" daemon [_thread_blocked, id=7000, stack(0x00000000094f0000,0x00000000095f0000)]
  0x0000000008041000 JavaThread "Reference Handler" daemon [_thread_blocked, id=8476, stack(0x0000000009360000,0x0000000009460000)]
  0x000000000033e800 JavaThread "main" [_thread_blocked, id=9004, stack(0x0000000002200000,0x0000000002300000)]

Other Threads:
  0x000000000803b800 VMThread [stack: 0x0000000009140000,0x0000000009240000] [id=7936]
  0x0000000009cb9000 WatcherThread [stack: 0x000000000a1a0000,0x000000000a2a0000] [id=7996]

VM state:not at safepoint (normal execution)

VM Mutex/Monitor currently owned by a thread: None

Heap
 PSYoungGen      total 18944K, used 3459K [0x00000000eaa80000, 0x00000000ebf80000, 0x0000000100000000)
  eden space 16384K, 5% used [0x00000000eaa80000,0x00000000eab675f8,0x00000000eba80000)
  from space 2560K, 98% used [0x00000000eba80000,0x00000000ebcf9830,0x00000000ebd00000)
  to   space 2560K, 0% used [0x00000000ebd00000,0x00000000ebd00000,0x00000000ebf80000)
 ParOldGen       total 42496K, used 2473K [0x00000000c0000000, 0x00000000c2980000, 0x00000000eaa80000)
  object space 42496K, 5% used [0x00000000c0000000,0x00000000c026a680,0x00000000c2980000)
 PSPermGen       total 21504K, used 5133K [0x00000000bae00000, 0x00000000bc300000, 0x00000000c0000000)
  object space 21504K, 23% used [0x00000000bae00000,0x00000000bb3036a8,0x00000000bc300000)

Card table byte_map: [0x0000000005300000,0x0000000005530000] byte_map_base: 0x0000000004d29000

Polling page: 0x0000000000110000

Code Cache  [0x0000000002300000, 0x0000000002570000, 0x0000000005300000)
 total_blobs=322 nmethods=108 adapters=166 free_code_cache=48610Kb largest_free_block=49755648

Compilation events (10 events):
Event: 0.622 Thread 0x00000000080be000 nmethod 101 0x000000000237d190 code [0x000000000237d2c0, 0x000000000237d438]
Event: 0.629 Thread 0x00000000080a8800 nmethod 103 0x000000000237cb50 code [0x000000000237cca0, 0x000000000237cf88]
Event: 0.630 Thread 0x00000000080be000  104             com.android.dx.ssa.SsaMethod::computeReachability (131 bytes)
Event: 0.631 Thread 0x00000000080a8800  105             com.android.dx.rop.code.RegisterSpecSet::mutableCopy (57 bytes)
Event: 0.642 Thread 0x00000000080a8800 nmethod 105 0x0000000002384c90 code [0x0000000002384e00, 0x0000000002385298]
Event: 0.644 Thread 0x00000000080a8800  106             java.util.AbstractList::<init> (10 bytes)
Event: 0.645 Thread 0x00000000080a8800 nmethod 106 0x000000000237c910 code [0x000000000237ca40, 0x000000000237ca98]
Event: 0.650 Thread 0x00000000080a8800  107   !         com.android.dx.cf.cst.ConstantPoolParser::parse0 (731 bytes)
Event: 0.683 Thread 0x00000000080be000 nmethod 104 0x000000000238ac10 code [0x000000000238ae20, 0x000000000238bb70]
Event: 0.684 Thread 0x00000000080be000  108             com.android.dx.rop.cst.StdConstantPool::set (123 bytes)

GC Heap History (2 events):
Event: 0.672 GC heap before
{Heap before GC invocations=1 (full 0):
 PSYoungGen      total 18944K, used 16384K [0x00000000eaa80000, 0x00000000ebf80000, 0x0000000100000000)
  eden space 16384K, 100% used [0x00000000eaa80000,0x00000000eba80000,0x00000000eba80000)
  from space 2560K, 0% used [0x00000000ebd00000,0x00000000ebd00000,0x00000000ebf80000)
  to   space 2560K, 0% used [0x00000000eba80000,0x00000000eba80000,0x00000000ebd00000)
 ParOldGen       total 42496K, used 0K [0x00000000c0000000, 0x00000000c2980000, 0x00000000eaa80000)
  object space 42496K, 0% used [0x00000000c0000000,0x00000000c0000000,0x00000000c2980000)
 PSPermGen       total 21504K, used 5127K [0x00000000bae00000, 0x00000000bc300000, 0x00000000c0000000)
  object space 21504K, 23% used [0x00000000bae00000,0x00000000bb301c20,0x00000000bc300000)
Event: 0.682 GC heap after
Heap after GC invocations=1 (full 0):
 PSYoungGen      total 18944K, used 2534K [0x00000000eaa80000, 0x00000000ebf80000, 0x0000000100000000)
  eden space 16384K, 0% used [0x00000000eaa80000,0x00000000eaa80000,0x00000000eba80000)
  from space 2560K, 98% used [0x00000000eba80000,0x00000000ebcf9830,0x00000000ebd00000)
  to   space 2560K, 0% used [0x00000000ebd00000,0x00000000ebd00000,0x00000000ebf80000)
 ParOldGen       total 42496K, used 2473K [0x00000000c0000000, 0x00000000c2980000, 0x00000000eaa80000)
  object space 42496K, 5% used [0x00000000c0000000,0x00000000c026a680,0x00000000c2980000)
 PSPermGen       total 21504K, used 5127K [0x00000000bae00000, 0x00000000bc300000, 0x00000000c0000000)
  object space 21504K, 23% used [0x00000000bae00000,0x00000000bb301c20,0x00000000bc300000)
}

Deoptimization events (6 events):
Event: 0.540 Thread 0x0000000009e05800 Uncommon trap: reason=class_check action=maybe_recompile pc=0x000000000237387c method=com.android.dx.ssa.SsaBasicBlock.forEachInsn(Lcom/android/dx/ssa/SsaInsn$Visitor;)V @ 23
Event: 0.541 Thread 0x0000000009e05800 Uncommon trap: reason=class_check action=maybe_recompile pc=0x000000000237387c method=com.android.dx.ssa.SsaBasicBlock.forEachInsn(Lcom/android/dx/ssa/SsaInsn$Visitor;)V @ 23
Event: 0.541 Thread 0x0000000009e05800 Uncommon trap: reason=class_check action=maybe_recompile pc=0x000000000237387c method=com.android.dx.ssa.SsaBasicBlock.forEachInsn(Lcom/android/dx/ssa/SsaInsn$Visitor;)V @ 23
Event: 0.541 Thread 0x0000000009e05800 Uncommon trap: reason=class_check action=maybe_recompile pc=0x000000000237387c method=com.android.dx.ssa.SsaBasicBlock.forEachInsn(Lcom/android/dx/ssa/SsaInsn$Visitor;)V @ 23
Event: 0.647 Thread 0x0000000009ddd800 Uncommon trap: reason=class_check action=maybe_recompile pc=0x000000000237ae34 method=com.android.dx.ssa.NormalSsaInsn.accept(Lcom/android/dx/ssa/SsaInsn$Visitor;)V @ 9
Event: 0.682 Thread 0x0000000009e0a800 Uncommon trap: reason=unreached action=reinterpret pc=0x00000000023692c4 method=com.android.dx.rop.cst.Constant.compareTo(Lcom/android/dx/rop/cst/Constant;)I @ 12

Internal exceptions (10 events):
Event: 0.403 Thread 0x0000000009d7b800 Threw 0x00000000eb247a60 at C:\re\jdk7u79\2331\hotspot\src\share\vm\prims\jvm.cpp:1304
Event: 0.404 Thread 0x0000000009d7b800 Threw 0x00000000eb24d250 at C:\re\jdk7u79\2331\hotspot\src\share\vm\prims\jvm.cpp:1304
Event: 0.406 Thread 0x0000000009d7b800 Threw 0x00000000eb255cb0 at C:\re\jdk7u79\2331\hotspot\src\share\vm\prims\jvm.cpp:1304
Event: 0.406 Thread 0x000000000033e800 Threw 0x00000000eb0e0960 at C:\re\jdk7u79\2331\hotspot\src\share\vm\prims\jvm.cpp:1304
Event: 0.407 Thread 0x000000000033e800 Threw 0x00000000eb0e3c28 at C:\re\jdk7u79\2331\hotspot\src\share\vm\prims\jvm.cpp:1304
Event: 0.452 Thread 0x0000000009ddd800 Threw 0x00000000eb424950 at C:\re\jdk7u79\2331\hotspot\src\share\vm\prims\jvm.cpp:1304
Event: 0.486 Thread 0x000000000033e800 Threw 0x00000000eb5720c0 at C:\re\jdk7u79\2331\hotspot\src\share\vm\prims\jvm.cpp:1304
Event: 0.530 Thread 0x000000000033e800 Threw 0x00000000eb58ee88 at C:\re\jdk7u79\2331\hotspot\src\share\vm\prims\jvm.cpp:1304
Event: 0.539 Thread 0x0000000009e05800 Threw 0x00000000eb6700d0 at C:\re\jdk7u79\2331\hotspot\src\share\vm\prims\jvm.cpp:1304
Event: 0.605 Thread 0x0000000009e0a800 Threw 0x00000000eb71a668 at C:\re\jdk7u79\2331\hotspot\src\share\vm\prims\jvm.cpp:1304

Events (10 events):
Event: 0.647 Thread 0x0000000009ddd800 Uncommon trap: trap_request=0xffffffde fr.pc=0x000000000237ae34
Event: 0.647 Thread 0x0000000009ddd800 DEOPT PACKING pc=0x000000000237ae34 sp=0x000000000a6eeca0
Event: 0.647 Thread 0x0000000009ddd800 DEOPT UNPACKING pc=0x00000000023375a4 sp=0x000000000a6eebf0 mode 2
Event: 0.664 loading class 0x0000000001e5f2b0
Event: 0.664 loading class 0x0000000001e5f2b0 done
Event: 0.672 Executing VM operation: ParallelGCFailedAllocation
Event: 0.682 Executing VM operation: ParallelGCFailedAllocation done
Event: 0.682 Thread 0x0000000009e0a800 Uncommon trap: trap_request=0xffffffad fr.pc=0x00000000023692c4
Event: 0.682 Thread 0x0000000009e0a800 DEOPT PACKING pc=0x00000000023692c4 sp=0x000000000a95e940
Event: 0.682 Thread 0x0000000009e0a800 DEOPT UNPACKING pc=0x00000000023375a4 sp=0x000000000a95e8e0 mode 2


Dynamic libraries:
0x000000013f9a0000 - 0x000000013f9d3000 	C:\Program Files\Java\jdk1.7.0_79\bin\java.exe
0x0000000077c00000 - 0x0000000077da9000 	C:\windows\SYSTEM32\ntdll.dll
0x00000000779e0000 - 0x0000000077b00000 	C:\windows\system32\kernel32.dll
0x000007fefda30000 - 0x000007fefda9c000 	C:\windows\system32\KERNELBASE.dll
0x000007feffae0000 - 0x000007feffbbb000 	C:\windows\system32\ADVAPI32.dll
0x000007fefde00000 - 0x000007fefde9f000 	C:\windows\system32\msvcrt.dll
0x000007feff140000 - 0x000007feff15f000 	C:\windows\SYSTEM32\sechost.dll
0x000007feff010000 - 0x000007feff13d000 	C:\windows\system32\RPCRT4.dll
0x0000000077b00000 - 0x0000000077bfa000 	C:\windows\system32\USER32.dll
0x000007feffbc0000 - 0x000007feffc27000 	C:\windows\system32\GDI32.dll
0x000007feff160000 - 0x000007feff16e000 	C:\windows\system32\LPK.dll
0x000007fefdfd0000 - 0x000007fefe099000 	C:\windows\system32\USP10.dll
0x000007fefc390000 - 0x000007fefc584000 	C:\windows\WinSxS\amd64_microsoft.windows.common-controls_6595b64144ccf1df_6.0.7601.18837_none_fa3b1e3d17594757\COMCTL32.dll
0x000007fefdd80000 - 0x000007fefddf1000 	C:\windows\system32\SHLWAPI.dll
0x000007feff170000 - 0x000007feff19e000 	C:\windows\system32\IMM32.DLL
0x000007feff240000 - 0x000007feff349000 	C:\windows\system32\MSCTF.dll
0x000000005be80000 - 0x000000005bf52000 	C:\Program Files\Java\jdk1.7.0_79\jre\bin\msvcr100.dll
0x000000005c970000 - 0x000000005d145000 	C:\Program Files\Java\jdk1.7.0_79\jre\bin\server\jvm.dll
0x000007fefa200000 - 0x000007fefa209000 	C:\windows\system32\WSOCK32.dll
0x000007fefdf80000 - 0x000007fefdfcd000 	C:\windows\system32\WS2_32.dll
0x000007feffc30000 - 0x000007feffc38000 	C:\windows\system32\NSI.dll
0x000007fefb7c0000 - 0x000007fefb7fb000 	C:\windows\system32\WINMM.dll
0x0000000077dc0000 - 0x0000000077dc7000 	C:\windows\system32\PSAPI.DLL
0x000000005d560000 - 0x000000005d56f000 	C:\Program Files\Java\jdk1.7.0_79\jre\bin\verify.dll
0x000000005d510000 - 0x000000005d538000 	C:\Program Files\Java\jdk1.7.0_79\jre\bin\java.dll
0x000000005c950000 - 0x000000005c965000 	C:\Program Files\Java\jdk1.7.0_79\jre\bin\zip.dll

VM Arguments:
jvm_args: -Xmx1024M -Dfile.encoding=windows-1252 -Duser.country=DE -Duser.language=de -Duser.variant 
java_command: com.android.dx.command.Main --dex --num-threads=4 --output D:\doc\Uni\Phantasmophobia\app\build\intermediates\dex\debug D:\doc\Uni\Phantasmophobia\app\build\intermediates\classes\debug D:\doc\Uni\Phantasmophobia\app\build\intermediates\pre-dexed\debug\support-annotations-23.1.0-01374b0b93ae9f493d89216b246e5f28115f7069.jar D:\doc\Uni\Phantasmophobia\app\build\intermediates\pre-dexed\debug\classes-669c9696291dca808c3f56322543b74a1086b718.jar D:\doc\Uni\Phantasmophobia\app\build\intermediates\pre-dexed\debug\internal_impl-23.1.0-c5412e3ce3fef63dca2e367832c82338dc94306a.jar D:\doc\Uni\Phantasmophobia\app\build\intermediates\pre-dexed\debug\classes-87cdbb8af529b607886b11a9a5f249dd1e5a2655.jar D:\doc\Uni\Phantasmophobia\app\build\intermediates\pre-dexed\debug\classes-a273aeff8d9961f0d09800a5963cc11dbae6c02b.jar D:\doc\Uni\Phantasmophobia\app\build\intermediates\pre-dexed\debug\classes-cf49a9cbe6d10509199ab12ebee8672ac3cadcb5.jar
Launcher Type: SUN_STANDARD

Environment Variables:
JAVA_HOME=C:\Program Files\Java\jdk1.7.0_79
PATH=C:\Program Files\Common Files\Microsoft Shared\Windows Live;C:\Program Files (x86)\Common Files\Microsoft Shared\Windows Live;C:\windows\system32;C:\windows;C:\windows\System32\Wbem;C:\windows\System32\WindowsPowerShell\v1.0\;C:\Program Files\Intel\WiFi\bin\;C:\Program Files\Common Files\Intel\WirelessCommon\;C:\Program Files (x86)\Intel\Services\IPT\;C:\Program Files (x86)\Windows Live\Shared\;C:\Program Files\Java\jdk1.7.0_71\bin;C:\Program Files (x86)\Skype\Phone\;C:\Program Files\Microsoft SQL Server\110\Tools\Binn\;D:\Bitvise SSH Client;C:\Program Files\Perforce;C:\Program Files\Calibre2\;D:\doc\Matlab2\runtime\win64;D:\doc\Matlab2\bin;C:\Program Files\Microsoft SQL Server\120\Tools\Binn\;C:\Program Files\TortoiseSVN\bin;C:\Program Files (x86)\Windows Kits\8.1\Windows Performance Toolkit\;C:\Program Files (x86)\Microsoft SDKs\TypeScript\1.0\;C:\Strawberry\c\bin;C:\Strawberry\perl\site\bin;C:\Strawberry\perl\bin;C:\Program Files\Perforce\Server;C:\Users\User\AppData\Local\Android\sdk\tools;C:\Python27;C:\Python27\Scripts;C:\Users\User\AppData\Local\Android\sdk\tools;C:\Users\User\AppData\Local\Android\sdk\platform-tools;C:\Program Files\Java\jdk1.7.0_79;C:\Qt\Qt5.5.1\5.5\msvc2013_64\bin;
USERNAME=User
OS=Windows_NT
PROCESSOR_IDENTIFIER=Intel64 Family 6 Model 42 Stepping 7, GenuineIntel



---------------  S Y S T E M  ---------------

OS: Windows 7 , 64 bit Build 7601 Service Pack 1

CPU:total 4 (2 cores per cpu, 2 threads per core) family 6 model 42 stepping 7, cmov, cx8, fxsr, mmx, sse, sse2, sse3, ssse3, sse4.1, sse4.2, popcnt, avx, aes, ht, tsc, tscinvbit

Memory: 4k page, physical 4098536k(371188k free), swap 6581676k(5276k free)

vm_info: Java HotSpot(TM) 64-Bit Server VM (24.79-b02) for windows-amd64 JRE (1.7.0_79-b15), built on Apr 10 2015 12:36:16 by "java_re" with unknown MS VC++:1600

time: Tue Dec 01 15:59:09 2015
elapsed time: 0 seconds

